<?xml version="1.0" encoding="UTF-8"?>
<!-- Generated by org.testng.reporters.JUnitReportReporter -->
<testsuite name="SmartMember" tests="1" time="101.260" ignored="0" failures="0" timestamp="26 Dec 2019 05:36:12 GMT" skipped="0" hostname="KCSPL0410" errors="0">
  <testcase name="loginTest" time="101.260" classname="SmartMember"/>
</testsuite> <!-- SmartMember -->
